<?xml version="1.0" encoding="UTF-8" standalone="no"?><testsuites failures="2" name="Smoke" tests="2" time="10.468935"><testsuite failures="2" name="cucumber.runtime.formatter.JUnitFormatter" skipped="0" tests="2" time="10.468935">
    <testcase classname="PCTE Portal Login" name="User Login" time="7.676588">
        <failure message="java.lang.AssertionError: org.openqa.selenium.WebDriverException: chrome not reachable&#10;  (Session info: chrome=89.0.4389.82)&#10;Build info: version: '3.141.59', revision: 'e82be7d358', time: '2018-11-14T08:25:53'&#10;System info: host: 'debian', ip: '127.0.1.1', os.name: 'Linux', os.arch: 'amd64', os.version: '4.19.0-14-amd64', java.version: '15.0.2'&#10;Driver info: org.openqa.selenium.chrome.ChromeDriver&#10;Capabilities {acceptInsecureCerts: false, browserName: chrome, browserVersion: 89.0.4389.82, chrome: {chromedriverVersion: 89.0.4389.23 (61b08ee2c5002..., userDataDir: /tmp/.com.google.Chrome.Pnrhv9}, goog:chromeOptions: {debuggerAddress: localhost:45209}, javascriptEnabled: true, networkConnectionEnabled: false, pageLoadStrategy: normal, platform: LINUX, platformName: LINUX, proxy: Proxy(), setWindowRect: true, strictFileInteractability: false, timeouts: {implicit: 0, pageLoad: 300000, script: 30000}, unhandledPromptBehavior: dismiss and notify, webauthn:extension:largeBlob: true, webauthn:virtualAuthenticators: true}&#10;Session ID: 2138d8f4332816f8a937541fcffc098e&#10;*** Element info: {Using=xpath, value=//a[contains(text(),'Account')]}&#10;&#9;at org.junit.Assert.fail(Assert.java:89)&#10;&#9;at com.ucf.pcte.gold.WebUI.verifyElementPresent(WebUI.groovy:624)&#10;&#9;at com.ucf.pcte.gold.WebUI$verifyElementPresent$9.callStatic(Unknown Source)&#10;&#9;at org.codehaus.groovy.runtime.callsite.CallSiteArray.defaultCallStatic(CallSiteArray.java:55)&#10;&#9;at org.codehaus.groovy.runtime.callsite.AbstractCallSite.callStatic(AbstractCallSite.java:217)&#10;&#9;at org.codehaus.groovy.runtime.callsite.AbstractCallSite.callStatic(AbstractCallSite.java:249)&#10;&#9;at com.ucf.pcte.gold.WebUI.verifyElementPresent(WebUI.groovy:79)&#10;&#9;at com.ucf.pcte.gold.WebUI$verifyElementPresent$8.call(Unknown Source)&#10;&#9;at org.codehaus.groovy.runtime.callsite.CallSiteArray.defaultCall(CallSiteArray.java:47)&#10;&#9;at org.codehaus.groovy.runtime.callsite.AbstractCallSite.call(AbstractCallSite.java:125)&#10;&#9;at org.codehaus.groovy.runtime.callsite.AbstractCallSite.call(AbstractCallSite.java:148)&#10;&#9;at com.stepdefinitions.Login.confirmInitialPage(com.stepdefinitions.Login:175)&#10;&#9;at ✽.I should be able to access the PCTE Portal(temp/features/portalLogin.feature:13)&#10;"><![CDATA[Given I am at the PCTE Portal...............................................passed
When I log into the PCTE Portal.............................................passed
Then I should be able to access the PCTE Portal.............................failed

StackTrace:
java.lang.AssertionError: org.openqa.selenium.WebDriverException: chrome not reachable
  (Session info: chrome=89.0.4389.82)
Build info: version: '3.141.59', revision: 'e82be7d358', time: '2018-11-14T08:25:53'
System info: host: 'debian', ip: '127.0.1.1', os.name: 'Linux', os.arch: 'amd64', os.version: '4.19.0-14-amd64', java.version: '15.0.2'
Driver info: org.openqa.selenium.chrome.ChromeDriver
Capabilities {acceptInsecureCerts: false, browserName: chrome, browserVersion: 89.0.4389.82, chrome: {chromedriverVersion: 89.0.4389.23 (61b08ee2c5002..., userDataDir: /tmp/.com.google.Chrome.Pnrhv9}, goog:chromeOptions: {debuggerAddress: localhost:45209}, javascriptEnabled: true, networkConnectionEnabled: false, pageLoadStrategy: normal, platform: LINUX, platformName: LINUX, proxy: Proxy(), setWindowRect: true, strictFileInteractability: false, timeouts: {implicit: 0, pageLoad: 300000, script: 30000}, unhandledPromptBehavior: dismiss and notify, webauthn:extension:largeBlob: true, webauthn:virtualAuthenticators: true}
Session ID: 2138d8f4332816f8a937541fcffc098e
*** Element info: {Using=xpath, value=//a[contains(text(),'Account')]}
	at org.junit.Assert.fail(Assert.java:89)
	at com.ucf.pcte.gold.WebUI.verifyElementPresent(WebUI.groovy:624)
	at com.ucf.pcte.gold.WebUI$verifyElementPresent$9.callStatic(Unknown Source)
	at org.codehaus.groovy.runtime.callsite.CallSiteArray.defaultCallStatic(CallSiteArray.java:55)
	at org.codehaus.groovy.runtime.callsite.AbstractCallSite.callStatic(AbstractCallSite.java:217)
	at org.codehaus.groovy.runtime.callsite.AbstractCallSite.callStatic(AbstractCallSite.java:249)
	at com.ucf.pcte.gold.WebUI.verifyElementPresent(WebUI.groovy:79)
	at com.ucf.pcte.gold.WebUI$verifyElementPresent$8.call(Unknown Source)
	at org.codehaus.groovy.runtime.callsite.CallSiteArray.defaultCall(CallSiteArray.java:47)
	at org.codehaus.groovy.runtime.callsite.AbstractCallSite.call(AbstractCallSite.java:125)
	at org.codehaus.groovy.runtime.callsite.AbstractCallSite.call(AbstractCallSite.java:148)
	at com.stepdefinitions.Login.confirmInitialPage(com.stepdefinitions.Login:175)
	at ✽.I should be able to access the PCTE Portal(temp/features/portalLogin.feature:13)
]]></failure>
    </testcase>
    <testcase classname="PCTE Portal Login" name="User Logout" time="2.792347">
        <failure message="java.lang.AssertionError: org.openqa.selenium.NoSuchElementException: Cannot locate an element using xpath=//button[@name='login']&#10;For documentation on this error, please visit: https://www.seleniumhq.org/exceptions/no_such_element.html&#10;Build info: version: '3.141.59', revision: 'e82be7d358', time: '2018-11-14T08:25:53'&#10;System info: host: 'debian', ip: '127.0.1.1', os.name: 'Linux', os.arch: 'amd64', os.version: '4.19.0-14-amd64', java.version: '15.0.2'&#10;Driver info: driver.version: RemoteWebDriver&#10;&#9;at org.junit.Assert.fail(Assert.java:89)&#10;&#9;at com.ucf.pcte.gold.WebUI.click(WebUI.groovy:182)&#10;&#9;at com.ucf.pcte.gold.WebUI$click$7.callStatic(Unknown Source)&#10;&#9;at com.ucf.pcte.gold.WebUI.click(WebUI.groovy:66)&#10;&#9;at com.ucf.pcte.gold.WebUI$click$6.call(Unknown Source)&#10;&#9;at com.stepdefinitions.Login.login(com.stepdefinitions.Login:65)&#10;&#9;at com.stepdefinitions.Login.getLoggedIn(com.stepdefinitions.Login:117)&#10;&#9;at ✽.I am logged into the PCTE Portal(temp/features/portalLogin.feature:17)&#10;"><![CDATA[Given I am at the PCTE Portal...............................................passed
And I am logged into the PCTE Portal........................................failed
When I logout of the PCTE Portal............................................skipped
Then I should no longer have access to the PCTE Portal......................skipped

StackTrace:
java.lang.AssertionError: org.openqa.selenium.NoSuchElementException: Cannot locate an element using xpath=//button[@name='login']
For documentation on this error, please visit: https://www.seleniumhq.org/exceptions/no_such_element.html
Build info: version: '3.141.59', revision: 'e82be7d358', time: '2018-11-14T08:25:53'
System info: host: 'debian', ip: '127.0.1.1', os.name: 'Linux', os.arch: 'amd64', os.version: '4.19.0-14-amd64', java.version: '15.0.2'
Driver info: driver.version: RemoteWebDriver
	at org.junit.Assert.fail(Assert.java:89)
	at com.ucf.pcte.gold.WebUI.click(WebUI.groovy:182)
	at com.ucf.pcte.gold.WebUI$click$7.callStatic(Unknown Source)
	at com.ucf.pcte.gold.WebUI.click(WebUI.groovy:66)
	at com.ucf.pcte.gold.WebUI$click$6.call(Unknown Source)
	at com.stepdefinitions.Login.login(com.stepdefinitions.Login:65)
	at com.stepdefinitions.Login.getLoggedIn(com.stepdefinitions.Login:117)
	at ✽.I am logged into the PCTE Portal(temp/features/portalLogin.feature:17)
]]></failure>
    </testcase>
</testsuite></testsuites>